android/app/build/intermediates/manifest_merge_blame_file/debug/manifest-merger-blame-debug-report.txt
1<?xml version="1.0" encoding="utf-8"?>
2<manifest xmlns:android="http://schemas.android.com/apk/res/android"
3    package="com.capacitor.app"
4    android:versionCode="1"
5    android:versionName="1.0" >
6
7    <uses-sdk
8        android:minSdkVersion="22"
8-->src/main/AndroidManifest.xml
9        android:targetSdkVersion="33" />
9-->src/main/AndroidManifest.xml
10
11    <!-- Permissions -->
12    <uses-permission android:name="android.permission.ACCESS_COARSE_LOCATION" />
12-->src/main/AndroidManifest.xml:39:5-81
12-->src/main/AndroidManifest.xml:39:22-78
13    <uses-permission android:name="android.permission.ACCESS_FINE_LOCATION" />
13-->src/main/AndroidManifest.xml:40:1-75
13-->src/main/AndroidManifest.xml:40:18-72
14
15    <uses-feature android:name="android.hardware.location.gps" />
15-->src/main/AndroidManifest.xml:41:1-62
15-->src/main/AndroidManifest.xml:41:15-59
16
17    <uses-permission android:name="android.permission.READ_MEDIA_IMAGES" />
17-->src/main/AndroidManifest.xml:43:1-71
17-->src/main/AndroidManifest.xml:43:18-69
18    <uses-permission android:name="android.permission.READ_EXTERNAL_STORAGE" />
18-->src/main/AndroidManifest.xml:44:1-75
18-->src/main/AndroidManifest.xml:44:18-73
19    <uses-permission android:name="android.permission.WRITE_EXTERNAL_STORAGE" />
19-->src/main/AndroidManifest.xml:45:1-77
19-->src/main/AndroidManifest.xml:45:18-74
20    <uses-permission android:name="android.permission.USE_BIOMETRIC" />
20-->src/main/AndroidManifest.xml:47:1-67
20-->src/main/AndroidManifest.xml:47:18-65
21    <uses-permission android:name="android.permission.INTERNET" />
21-->src/main/AndroidManifest.xml:49:5-67
21-->src/main/AndroidManifest.xml:49:22-64
22
23    <queries>
23-->[:capacitor-camera] AndroidManifest.xml:7:5-11:15
24        <intent>
24-->[:capacitor-camera] AndroidManifest.xml:8:9-10:18
25            <action android:name="android.media.action.IMAGE_CAPTURE" />
25-->[:capacitor-camera] AndroidManifest.xml:9:13-73
25-->[:capacitor-camera] AndroidManifest.xml:9:21-70
26        </intent>
27    </queries>
28
29    <uses-permission android:name="android.permission.USE_FINGERPRINT" />
29-->[androidx.biometric:biometric:1.0.1] AndroidManifest.xml:25:5-74
29-->[androidx.biometric:biometric:1.0.1] AndroidManifest.xml:25:22-71
30
31    <permission
31-->[androidx.core:core:1.10.0] AndroidManifest.xml:22:5-24:47
32        android:name="com.capacitor.app.DYNAMIC_RECEIVER_NOT_EXPORTED_PERMISSION"
32-->[androidx.core:core:1.10.0] AndroidManifest.xml:23:9-81
33        android:protectionLevel="signature" />
33-->[androidx.core:core:1.10.0] AndroidManifest.xml:24:9-44
34
35    <uses-permission android:name="com.capacitor.app.DYNAMIC_RECEIVER_NOT_EXPORTED_PERMISSION" />
35-->[androidx.core:core:1.10.0] AndroidManifest.xml:26:5-97
35-->[androidx.core:core:1.10.0] AndroidManifest.xml:26:22-94
36
37    <application
37-->src/main/AndroidManifest.xml:4:5-36:19
38        android:allowBackup="true"
38-->src/main/AndroidManifest.xml:5:9-35
39        android:appComponentFactory="androidx.core.app.CoreComponentFactory"
39-->[androidx.core:core:1.10.0] AndroidManifest.xml:28:18-86
40        android:debuggable="true"
41        android:icon="@mipmap/ic_launcher"
41-->src/main/AndroidManifest.xml:6:9-43
42        android:label="@string/app_name"
42-->src/main/AndroidManifest.xml:7:9-41
43        android:roundIcon="@mipmap/ic_launcher_round"
43-->src/main/AndroidManifest.xml:8:9-54
44        android:supportsRtl="true"
44-->src/main/AndroidManifest.xml:9:9-35
45        android:testOnly="true"
46        android:theme="@style/AppTheme" >
46-->src/main/AndroidManifest.xml:10:9-40
47        <activity
47-->src/main/AndroidManifest.xml:12:9-25:20
48            android:name="com.capacitor.app.MainActivity"
48-->src/main/AndroidManifest.xml:14:13-41
49            android:configChanges="orientation|keyboardHidden|keyboard|screenSize|locale|smallestScreenSize|screenLayout|uiMode"
49-->src/main/AndroidManifest.xml:13:13-129
50            android:exported="true"
50-->src/main/AndroidManifest.xml:18:13-36
51            android:label="@string/title_activity_main"
51-->src/main/AndroidManifest.xml:15:13-56
52            android:launchMode="singleTask"
52-->src/main/AndroidManifest.xml:17:13-44
53            android:theme="@style/AppTheme.NoActionBarLaunch" >
53-->src/main/AndroidManifest.xml:16:13-62
54            <intent-filter>
54-->src/main/AndroidManifest.xml:20:13-23:29
55                <action android:name="android.intent.action.MAIN" />
55-->src/main/AndroidManifest.xml:21:17-69
55-->src/main/AndroidManifest.xml:21:25-66
56
57                <category android:name="android.intent.category.LAUNCHER" />
57-->src/main/AndroidManifest.xml:22:17-77
57-->src/main/AndroidManifest.xml:22:27-74
58            </intent-filter>
59        </activity>
60
61        <provider
62            android:name="androidx.core.content.FileProvider"
62-->src/main/AndroidManifest.xml:28:13-62
63            android:authorities="com.capacitor.app.fileprovider"
63-->src/main/AndroidManifest.xml:29:13-64
64            android:exported="false"
64-->src/main/AndroidManifest.xml:30:13-37
65            android:grantUriPermissions="true" >
65-->src/main/AndroidManifest.xml:31:13-47
66            <meta-data
66-->src/main/AndroidManifest.xml:32:13-34:64
67                android:name="android.support.FILE_PROVIDER_PATHS"
67-->src/main/AndroidManifest.xml:33:17-67
68                android:resource="@xml/file_paths" />
68-->src/main/AndroidManifest.xml:34:17-51
69        </provider>
70
71        <activity
71-->[:capgo-capacitor-native-biometric] AndroidManifest.xml:8:9-11:59
72            android:name="ee.forgr.biometric.AuthActivity"
72-->[:capgo-capacitor-native-biometric] AndroidManifest.xml:9:13-59
73            android:label="@string/title_activity_auth_activity"
73-->[:capgo-capacitor-native-biometric] AndroidManifest.xml:10:13-65
74            android:theme="@style/AppTheme.Transparent" />
74-->[:capgo-capacitor-native-biometric] AndroidManifest.xml:11:13-56
75        <activity
75-->[androidx.biometric:biometric:1.0.1] AndroidManifest.xml:28:9-31:67
76            android:name="androidx.biometric.DeviceCredentialHandlerActivity"
76-->[androidx.biometric:biometric:1.0.1] AndroidManifest.xml:29:13-78
77            android:exported="true"
77-->[androidx.biometric:biometric:1.0.1] AndroidManifest.xml:30:13-36
78            android:theme="@style/DeviceCredentialHandlerTheme" />
78-->[androidx.biometric:biometric:1.0.1] AndroidManifest.xml:31:13-64
79        <activity
79-->[com.google.android.gms:play-services-base:18.1.0] AndroidManifest.xml:20:9-22:45
80            android:name="com.google.android.gms.common.api.GoogleApiActivity"
80-->[com.google.android.gms:play-services-base:18.1.0] AndroidManifest.xml:20:19-85
81            android:exported="false"
81-->[com.google.android.gms:play-services-base:18.1.0] AndroidManifest.xml:22:19-43
82            android:theme="@android:style/Theme.Translucent.NoTitleBar" />
82-->[com.google.android.gms:play-services-base:18.1.0] AndroidManifest.xml:21:19-78
83
84        <meta-data
84-->[com.google.android.gms:play-services-basement:18.1.0] AndroidManifest.xml:21:9-23:69
85            android:name="com.google.android.gms.version"
85-->[com.google.android.gms:play-services-basement:18.1.0] AndroidManifest.xml:22:13-58
86            android:value="@integer/google_play_services_version" />
86-->[com.google.android.gms:play-services-basement:18.1.0] AndroidManifest.xml:23:13-66
87
88        <provider
88-->[androidx.emoji2:emoji2:1.2.0] AndroidManifest.xml:24:9-32:20
89            android:name="androidx.startup.InitializationProvider"
89-->[androidx.emoji2:emoji2:1.2.0] AndroidManifest.xml:25:13-67
90            android:authorities="com.capacitor.app.androidx-startup"
90-->[androidx.emoji2:emoji2:1.2.0] AndroidManifest.xml:26:13-68
91            android:exported="false" >
91-->[androidx.emoji2:emoji2:1.2.0] AndroidManifest.xml:27:13-37
92            <meta-data
92-->[androidx.emoji2:emoji2:1.2.0] AndroidManifest.xml:29:13-31:52
93                android:name="androidx.emoji2.text.EmojiCompatInitializer"
93-->[androidx.emoji2:emoji2:1.2.0] AndroidManifest.xml:30:17-75
94                android:value="androidx.startup" />
94-->[androidx.emoji2:emoji2:1.2.0] AndroidManifest.xml:31:17-49
95            <meta-data
95-->[androidx.lifecycle:lifecycle-process:2.6.1] AndroidManifest.xml:29:13-31:52
96                android:name="androidx.lifecycle.ProcessLifecycleInitializer"
96-->[androidx.lifecycle:lifecycle-process:2.6.1] AndroidManifest.xml:30:17-78
97                android:value="androidx.startup" />
97-->[androidx.lifecycle:lifecycle-process:2.6.1] AndroidManifest.xml:31:17-49
98            <meta-data
98-->[androidx.profileinstaller:profileinstaller:1.3.0] AndroidManifest.xml:29:13-31:52
99                android:name="androidx.profileinstaller.ProfileInstallerInitializer"
99-->[androidx.profileinstaller:profileinstaller:1.3.0] AndroidManifest.xml:30:17-85
100                android:value="androidx.startup" />
100-->[androidx.profileinstaller:profileinstaller:1.3.0] AndroidManifest.xml:31:17-49
101        </provider>
102
103        <receiver
103-->[androidx.profileinstaller:profileinstaller:1.3.0] AndroidManifest.xml:34:9-52:20
104            android:name="androidx.profileinstaller.ProfileInstallReceiver"
104-->[androidx.profileinstaller:profileinstaller:1.3.0] AndroidManifest.xml:35:13-76
105            android:directBootAware="false"
105-->[androidx.profileinstaller:profileinstaller:1.3.0] AndroidManifest.xml:36:13-44
106            android:enabled="true"
106-->[androidx.profileinstaller:profileinstaller:1.3.0] AndroidManifest.xml:37:13-35
107            android:exported="true"
107-->[androidx.profileinstaller:profileinstaller:1.3.0] AndroidManifest.xml:38:13-36
108            android:permission="android.permission.DUMP" >
108-->[androidx.profileinstaller:profileinstaller:1.3.0] AndroidManifest.xml:39:13-57
109            <intent-filter>
109-->[androidx.profileinstaller:profileinstaller:1.3.0] AndroidManifest.xml:40:13-42:29
110                <action android:name="androidx.profileinstaller.action.INSTALL_PROFILE" />
110-->[androidx.profileinstaller:profileinstaller:1.3.0] AndroidManifest.xml:41:17-91
110-->[androidx.profileinstaller:profileinstaller:1.3.0] AndroidManifest.xml:41:25-88
111            </intent-filter>
112            <intent-filter>
112-->[androidx.profileinstaller:profileinstaller:1.3.0] AndroidManifest.xml:43:13-45:29
113                <action android:name="androidx.profileinstaller.action.SKIP_FILE" />
113-->[androidx.profileinstaller:profileinstaller:1.3.0] AndroidManifest.xml:44:17-85
113-->[androidx.profileinstaller:profileinstaller:1.3.0] AndroidManifest.xml:44:25-82
114            </intent-filter>
115            <intent-filter>
115-->[androidx.profileinstaller:profileinstaller:1.3.0] AndroidManifest.xml:46:13-48:29
116                <action android:name="androidx.profileinstaller.action.SAVE_PROFILE" />
116-->[androidx.profileinstaller:profileinstaller:1.3.0] AndroidManifest.xml:47:17-88
116-->[androidx.profileinstaller:profileinstaller:1.3.0] AndroidManifest.xml:47:25-85
117            </intent-filter>
118            <intent-filter>
118-->[androidx.profileinstaller:profileinstaller:1.3.0] AndroidManifest.xml:49:13-51:29
119                <action android:name="androidx.profileinstaller.action.BENCHMARK_OPERATION" />
119-->[androidx.profileinstaller:profileinstaller:1.3.0] AndroidManifest.xml:50:17-95
119-->[androidx.profileinstaller:profileinstaller:1.3.0] AndroidManifest.xml:50:25-92
120            </intent-filter>
121        </receiver>
122    </application>
123
124</manifest>